Using pre-set license

 COMMAND LINE ARGUMENTS:
/Applications/Unity/Hub/Editor/2020.2.1f1/Unity.app/Contents/MacOS/Unity
-adb2
-batchMode
-noUpm
-name
AssetImportWorker0
-projectPath
/Users/colinspiridonov/datingapp
-logFile
Logs/AssetImportWorker0.log
-srvPort
53795
Successfully changed project path to: /Users/colinspiridonov/datingapp
/Users/colinspiridonov/datingapp
Using Asset Import Pipeline V2.
Refreshing native plugins compatible for Editor in 40.21 ms, found 2 plugins.
Preloading 0 native plugins for Editor in 0.00 ms.
Initialize engine version: 2020.2.1f1 (270dd8c3da1c)
[Subsystems] Discovering subsystems at path /Applications/Unity/Hub/Editor/2020.2.1f1/Unity.app/Contents/Resources/UnitySubsystems
[Subsystems] Discovering subsystems at path /Users/colinspiridonov/datingapp/Assets
GfxDevice: creating device client; threaded=0
2021-04-02 15:04:53.641 Unity[51418:3183548] Color LCD preferred device: Intel(R) Iris(TM) Plus Graphics (low power)
2021-04-02 15:04:53.641 Unity[51418:3183548] Metal devices available: 1
2021-04-02 15:04:53.641 Unity[51418:3183548] 0: Intel(R) Iris(TM) Plus Graphics (low power)
2021-04-02 15:04:53.641 Unity[51418:3183548] Using device Intel(R) Iris(TM) Plus Graphics (low power)
Initializing Metal device caps: Intel(R) Iris(TM) Plus Graphics
Initialize mono
Mono path[0] = '/Applications/Unity/Hub/Editor/2020.2.1f1/Unity.app/Contents/Managed'
Mono path[1] = '/Applications/Unity/Hub/Editor/2020.2.1f1/Unity.app/Contents/MonoBleedingEdge/lib/mono/unityjit'
Mono config path = '/Applications/Unity/Hub/Editor/2020.2.1f1/Unity.app/Contents/MonoBleedingEdge/etc'
Using monoOptions --debugger-agent=transport=dt_socket,embedding=1,server=y,suspend=n,address=127.0.0.1:56418
Begin MonoManager ReloadAssembly
Registering precompiled unity dll's ...
Register platform support module: /Applications/Unity/Hub/Editor/2020.2.1f1/Unity.app/Contents/PlaybackEngines/MacStandaloneSupport/UnityEditor.OSXStandalone.Extensions.dll
Register platform support module: /Applications/Unity/Hub/Editor/2020.2.1f1/PlaybackEngines/WindowsStandaloneSupport/UnityEditor.WindowsStandalone.Extensions.dll
Registered in 0.000849 seconds.
Native extension for WindowsStandalone target not found
Native extension for OSXStandalone target not found
Refreshing native plugins compatible for Editor in 30.89 ms, found 2 plugins.
Preloading 0 native plugins for Editor in 0.00 ms.
Invoked RoslynAnalysisRunner static constructor.
RoslynAnalysisRunner will not be running.
RoslynAnalysisRunner has terminated.
Mono: successfully reloaded assembly
- Completed reload, in  1.797 seconds
Platform modules already initialized, skipping
Registering precompiled user dll's ...
Registered in 0.000905 seconds.
Begin MonoManager ReloadAssembly
Native extension for WindowsStandalone target not found
Native extension for OSXStandalone target not found
Refreshing native plugins compatible for Editor in 36.48 ms, found 2 plugins.
Preloading 0 native plugins for Editor in 0.00 ms.
Invoked RoslynAnalysisRunner static constructor.
RoslynAnalysisRunner will not be running.
RoslynAnalysisRunner has terminated.
Mono: successfully reloaded assembly
- Completed reload, in  1.078 seconds
Platform modules already initialized, skipping
========================================================================
Worker process is ready to serve import requests
Launching external process: /Applications/Unity/Hub/Editor/2020.2.1f1/Unity.app/Contents/Tools/UnityShaderCompiler
Launched and connected shader compiler UnityShaderCompiler after 0.02 seconds
Refreshing native plugins compatible for Editor in 0.29 ms, found 2 plugins.
Preloading 0 native plugins for Editor in 0.00 ms.
Unloading 1805 Unused Serialized files (Serialized files now loaded: 0)
System memory in use before: 146.2 MB.
System memory in use after: 146.2 MB.

Unloading 19 unused Assets to reduce memory usage. Loaded Objects now: 2251.
Total: 2.658969 ms (FindLiveObjects: 0.543707 ms CreateObjectMapping: 0.119232 ms MarkObjects: 1.921525 ms  DeleteObjects: 0.072973 ms)

========================================================================
Received Import Request.
  path: Assets/Animations/Test.anim
  artifactKey: Guid(d7fd34400efde4e619f5fc684a99d220) Importer(815301076,1909f56bfc062723c751e8b465ee728b)
Start importing Assets/Animations/Test.anim using Guid(d7fd34400efde4e619f5fc684a99d220) Importer(815301076,1909f56bfc062723c751e8b465ee728b)  -> (artifact id: '426f9a30c2a87ea4a46bd31e442a920a') in 1.104087 seconds
  Import took 1.107718 seconds .

========================================================================
Received Import Request.
  Time since last request: 1.125829 seconds.
  path: Assets/Animations/SlideRight.anim
  artifactKey: Guid(27cab05cf8af04cc39068c31b80523c9) Importer(815301076,1909f56bfc062723c751e8b465ee728b)
Start importing Assets/Animations/SlideRight.anim using Guid(27cab05cf8af04cc39068c31b80523c9) Importer(815301076,1909f56bfc062723c751e8b465ee728b)  -> (artifact id: 'a86448cccff5987aaa69b4a4097a8da7') in 0.002837 seconds
  Import took 0.006738 seconds .

========================================================================
Received Import Request.
  Time since last request: 1.177554 seconds.
  path: Assets/Animations/SlideLeft.anim
  artifactKey: Guid(c7adbafe737f441ef84df3828bc68e91) Importer(815301076,1909f56bfc062723c751e8b465ee728b)
Start importing Assets/Animations/SlideLeft.anim using Guid(c7adbafe737f441ef84df3828bc68e91) Importer(815301076,1909f56bfc062723c751e8b465ee728b)  -> (artifact id: 'b09829d61b6231d516b703f54bccdbfd') in 0.002910 seconds
  Import took 0.007370 seconds .

========================================================================
Received Import Request.
  Time since last request: 1.815222 seconds.
  path: Assets/Animations/SlideLeft.anim
  artifactKey: Guid(c7adbafe737f441ef84df3828bc68e91) Importer(815301076,1909f56bfc062723c751e8b465ee728b)
Start importing Assets/Animations/SlideLeft.anim using Guid(c7adbafe737f441ef84df3828bc68e91) Importer(815301076,1909f56bfc062723c751e8b465ee728b)  -> (artifact id: '260ed0a5c4489a9f3b1ac87158cf18ca') in 0.003226 seconds
  Import took 0.007562 seconds .

========================================================================
Received Import Request.
  Time since last request: 52.507159 seconds.
  path: Assets/Animations/SuitorSlideRight.anim
  artifactKey: Guid(27cab05cf8af04cc39068c31b80523c9) Importer(815301076,1909f56bfc062723c751e8b465ee728b)
Start importing Assets/Animations/SuitorSlideRight.anim using Guid(27cab05cf8af04cc39068c31b80523c9) Importer(815301076,1909f56bfc062723c751e8b465ee728b)  -> (artifact id: '98806389c943083d9a30855a1eb00002') in 0.002010 seconds
  Import took 0.006453 seconds .

========================================================================
Received Import Request.
  Time since last request: 7.006030 seconds.
  path: Assets/Animations/SuitorSlideLeft.anim
  artifactKey: Guid(c7adbafe737f441ef84df3828bc68e91) Importer(815301076,1909f56bfc062723c751e8b465ee728b)
Start importing Assets/Animations/SuitorSlideLeft.anim using Guid(c7adbafe737f441ef84df3828bc68e91) Importer(815301076,1909f56bfc062723c751e8b465ee728b)  -> (artifact id: '86007b8f26d2b7e4257a6ee6f4265310') in 0.002109 seconds
  Import took 0.006241 seconds .

========================================================================
Received Import Request.
  Time since last request: 3.920564 seconds.
  path: Assets/Animations/SuitorSlideDown.anim
  artifactKey: Guid(ebc7471cf4d714fc4a6f458168392269) Importer(815301076,1909f56bfc062723c751e8b465ee728b)
Start importing Assets/Animations/SuitorSlideDown.anim using Guid(ebc7471cf4d714fc4a6f458168392269) Importer(815301076,1909f56bfc062723c751e8b465ee728b)  -> (artifact id: 'b585087c081650c4b8153b4e335bb0bb') in 0.001918 seconds
  Import took 0.005917 seconds .

========================================================================
Received Import Request.
  Time since last request: 14.990810 seconds.
  path: Assets/Animations/Bachelor Card.controller
  artifactKey: Guid(b7051395d77144e7b8a75a6700a3bb6e) Importer(815301076,1909f56bfc062723c751e8b465ee728b)
Start importing Assets/Animations/Bachelor Card.controller using Guid(b7051395d77144e7b8a75a6700a3bb6e) Importer(815301076,1909f56bfc062723c751e8b465ee728b)  -> (artifact id: '13e09d367deb0c6683f8e260d4fc8ce8') in 0.335302 seconds
  Import took 0.339383 seconds .

========================================================================
Received Import Request.
  Time since last request: 0.459490 seconds.
  path: Assets/Animations/SuitorCardAnimator.controller
  artifactKey: Guid(86ba2842523e64a5d98b18cc7e8df53d) Importer(815301076,1909f56bfc062723c751e8b465ee728b)
Start importing Assets/Animations/SuitorCardAnimator.controller using Guid(86ba2842523e64a5d98b18cc7e8df53d) Importer(815301076,1909f56bfc062723c751e8b465ee728b)  -> (artifact id: 'cee3730da4d4e937a3eee2177bc39b65') in 0.008434 seconds
  Import took 0.012259 seconds .

========================================================================
Received Import Request.
  Time since last request: 7.324954 seconds.
  path: Assets/Animations/BachelorCardAnimator.controller
  artifactKey: Guid(b7051395d77144e7b8a75a6700a3bb6e) Importer(815301076,1909f56bfc062723c751e8b465ee728b)
Start importing Assets/Animations/BachelorCardAnimator.controller using Guid(b7051395d77144e7b8a75a6700a3bb6e) Importer(815301076,1909f56bfc062723c751e8b465ee728b)  -> (artifact id: '6c91949dd7d5a41a24fc297c20e1c2f1') in 0.002047 seconds
  Import took 0.006191 seconds .

========================================================================
Received Import Request.
  Time since last request: 42.120097 seconds.
  path: Assets/Animations/BachelorCardAnimator.controller
  artifactKey: Guid(b7051395d77144e7b8a75a6700a3bb6e) Importer(815301076,1909f56bfc062723c751e8b465ee728b)
Start importing Assets/Animations/BachelorCardAnimator.controller using Guid(b7051395d77144e7b8a75a6700a3bb6e) Importer(815301076,1909f56bfc062723c751e8b465ee728b)  -> (artifact id: '93af57f0551c606950e4050da8e91717') in 0.004991 seconds
  Import took 0.009734 seconds .

========================================================================
Received Import Request.
  Time since last request: 106.267834 seconds.
  path: Assets/Animations/BachelorCardAnimator.controller
  artifactKey: Guid(b7051395d77144e7b8a75a6700a3bb6e) Importer(815301076,1909f56bfc062723c751e8b465ee728b)
Start importing Assets/Animations/BachelorCardAnimator.controller using Guid(b7051395d77144e7b8a75a6700a3bb6e) Importer(815301076,1909f56bfc062723c751e8b465ee728b)  -> (artifact id: '769b1d14ad427c382cd5b88b2f75dbd2') in 0.006001 seconds
  Import took 0.012208 seconds .

========================================================================
Received Import Request.
  Time since last request: 34.226028 seconds.
  path: Assets/Animations/SuitorCardAnimator.controller
  artifactKey: Guid(86ba2842523e64a5d98b18cc7e8df53d) Importer(815301076,1909f56bfc062723c751e8b465ee728b)
Start importing Assets/Animations/SuitorCardAnimator.controller using Guid(86ba2842523e64a5d98b18cc7e8df53d) Importer(815301076,1909f56bfc062723c751e8b465ee728b)  -> (artifact id: '900def7d373296d48981a1662f343c4c') in 0.006856 seconds
  Import took 0.011269 seconds .

========================================================================
Received Import Request.
  Time since last request: 0.000502 seconds.
  path: Assets/Animations/SuitorCardAnimator.controller
  artifactKey: Guid(86ba2842523e64a5d98b18cc7e8df53d) Importer(815301076,1909f56bfc062723c751e8b465ee728b)
Start importing Assets/Animations/SuitorCardAnimator.controller using Guid(86ba2842523e64a5d98b18cc7e8df53d) Importer(815301076,1909f56bfc062723c751e8b465ee728b)  -> (artifact id: '900def7d373296d48981a1662f343c4c') in 0.003854 seconds
  Import took 0.007190 seconds .

========================================================================
Received Import Request.
  Time since last request: 97.962981 seconds.
  path: Assets/Scripts/BachelorCard.cs
  artifactKey: Guid(a8a287a7d792d4e7791b711793308c4b) Importer(815301076,1909f56bfc062723c751e8b465ee728b)
Start importing Assets/Scripts/BachelorCard.cs using Guid(a8a287a7d792d4e7791b711793308c4b) Importer(815301076,1909f56bfc062723c751e8b465ee728b)  -> (artifact id: 'faf15abb35afbf2b4ebf5834aee7b935') in 0.623545 seconds
  Import took 0.626892 seconds .

========================================================================
Received Prepare
Registering precompiled user dll's ...
Registered in 0.001423 seconds.
Begin MonoManager ReloadAssembly
Native extension for WindowsStandalone target not found
Native extension for OSXStandalone target not found
Refreshing native plugins compatible for Editor in 0.63 ms, found 2 plugins.
Preloading 0 native plugins for Editor in 0.00 ms.
Invoked RoslynAnalysisRunner static constructor.
RoslynAnalysisRunner will not be running.
RoslynAnalysisRunner has terminated.
Mono: successfully reloaded assembly
- Completed reload, in  1.280 seconds
Platform modules already initialized, skipping
Refreshing native plugins compatible for Editor in 0.33 ms, found 2 plugins.
Preloading 0 native plugins for Editor in 0.00 ms.
Unloading 1783 Unused Serialized files (Serialized files now loaded: 0)
System memory in use before: 157.9 MB.
System memory in use after: 158.0 MB.

Unloading 7 unused Assets to reduce memory usage. Loaded Objects now: 2255.
Total: 2.076350 ms (FindLiveObjects: 0.297349 ms CreateObjectMapping: 0.074455 ms MarkObjects: 1.676170 ms  DeleteObjects: 0.027468 ms)

========================================================================
Received Import Request.
  Time since last request: 28.641784 seconds.
  path: Assets/Scripts/BachelorCard.cs
  artifactKey: Guid(a8a287a7d792d4e7791b711793308c4b) Importer(815301076,1909f56bfc062723c751e8b465ee728b)
Start importing Assets/Scripts/BachelorCard.cs using Guid(a8a287a7d792d4e7791b711793308c4b) Importer(815301076,1909f56bfc062723c751e8b465ee728b)  -> (artifact id: '435eb933d7a9174a46ecda046c52659e') in 0.019010 seconds
  Import took 0.024705 seconds .

========================================================================
Received Prepare
Registering precompiled user dll's ...
Registered in 0.002237 seconds.
Begin MonoManager ReloadAssembly
Native extension for WindowsStandalone target not found
Native extension for OSXStandalone target not found
Refreshing native plugins compatible for Editor in 0.32 ms, found 2 plugins.
Preloading 0 native plugins for Editor in 0.00 ms.
Invoked RoslynAnalysisRunner static constructor.
RoslynAnalysisRunner will not be running.
RoslynAnalysisRunner has terminated.
Mono: successfully reloaded assembly
- Completed reload, in  1.174 seconds
Platform modules already initialized, skipping
Refreshing native plugins compatible for Editor in 0.33 ms, found 2 plugins.
Preloading 0 native plugins for Editor in 0.00 ms.
Unloading 1783 Unused Serialized files (Serialized files now loaded: 0)
System memory in use before: 158.4 MB.
System memory in use after: 158.5 MB.

Unloading 7 unused Assets to reduce memory usage. Loaded Objects now: 2258.
Total: 2.999786 ms (FindLiveObjects: 0.550434 ms CreateObjectMapping: 0.114176 ms MarkObjects: 2.304034 ms  DeleteObjects: 0.024225 ms)

========================================================================
Received Import Request.
  Time since last request: 12.916186 seconds.
  path: Assets/Scripts/BachelorCard.cs
  artifactKey: Guid(a8a287a7d792d4e7791b711793308c4b) Importer(815301076,1909f56bfc062723c751e8b465ee728b)
Start importing Assets/Scripts/BachelorCard.cs using Guid(a8a287a7d792d4e7791b711793308c4b) Importer(815301076,1909f56bfc062723c751e8b465ee728b)  -> (artifact id: '77709235473bc571e98f7b3f7428c318') in 0.012491 seconds
  Import took 0.020026 seconds .

========================================================================
Received Import Request.
  Time since last request: 7.808143 seconds.
  path: Assets/Scripts/BachelorCard.cs
  artifactKey: Guid(a8a287a7d792d4e7791b711793308c4b) Importer(815301076,1909f56bfc062723c751e8b465ee728b)
Start importing Assets/Scripts/BachelorCard.cs using Guid(a8a287a7d792d4e7791b711793308c4b) Importer(815301076,1909f56bfc062723c751e8b465ee728b)  -> (artifact id: 'b228149f41a52f2bab68ffc446f4ead5') in 0.002225 seconds
  Import took 0.007496 seconds .

========================================================================
Received Prepare
Registering precompiled user dll's ...
Registered in 0.000898 seconds.
Begin MonoManager ReloadAssembly
Native extension for WindowsStandalone target not found
Native extension for OSXStandalone target not found
Refreshing native plugins compatible for Editor in 0.40 ms, found 2 plugins.
Preloading 0 native plugins for Editor in 0.00 ms.
Invoked RoslynAnalysisRunner static constructor.
RoslynAnalysisRunner will not be running.
RoslynAnalysisRunner has terminated.
Mono: successfully reloaded assembly
- Completed reload, in  0.962 seconds
Platform modules already initialized, skipping
Refreshing native plugins compatible for Editor in 0.31 ms, found 2 plugins.
Preloading 0 native plugins for Editor in 0.00 ms.
Unloading 1783 Unused Serialized files (Serialized files now loaded: 0)
System memory in use before: 158.7 MB.
System memory in use after: 158.8 MB.

Unloading 7 unused Assets to reduce memory usage. Loaded Objects now: 2261.
Total: 2.320480 ms (FindLiveObjects: 0.383027 ms CreateObjectMapping: 0.074272 ms MarkObjects: 1.840552 ms  DeleteObjects: 0.021289 ms)

========================================================================
Received Prepare
Registering precompiled user dll's ...
Registered in 0.002562 seconds.
Begin MonoManager ReloadAssembly
Native extension for WindowsStandalone target not found
Native extension for OSXStandalone target not found
Refreshing native plugins compatible for Editor in 0.32 ms, found 2 plugins.
Preloading 0 native plugins for Editor in 0.00 ms.
Invoked RoslynAnalysisRunner static constructor.
RoslynAnalysisRunner will not be running.
RoslynAnalysisRunner has terminated.
Mono: successfully reloaded assembly
- Completed reload, in  1.087 seconds
Platform modules already initialized, skipping
Refreshing native plugins compatible for Editor in 0.69 ms, found 2 plugins.
Preloading 0 native plugins for Editor in 0.00 ms.
Unloading 1783 Unused Serialized files (Serialized files now loaded: 0)
System memory in use before: 159.5 MB.
System memory in use after: 159.6 MB.

Unloading 7 unused Assets to reduce memory usage. Loaded Objects now: 2264.
Total: 2.021221 ms (FindLiveObjects: 0.181275 ms CreateObjectMapping: 0.089460 ms MarkObjects: 1.726988 ms  DeleteObjects: 0.022087 ms)

========================================================================
Received Import Request.
  Time since last request: 49.415775 seconds.
  path: Assets/Scripts/BachelorCard.cs
  artifactKey: Guid(a8a287a7d792d4e7791b711793308c4b) Importer(815301076,1909f56bfc062723c751e8b465ee728b)
Start importing Assets/Scripts/BachelorCard.cs using Guid(a8a287a7d792d4e7791b711793308c4b) Importer(815301076,1909f56bfc062723c751e8b465ee728b)  -> (artifact id: '85440753b0c4b387a0260a5f3f40f2d8') in 0.006735 seconds
  Import took 0.013191 seconds .

========================================================================
Received Prepare
Registering precompiled user dll's ...
Registered in 0.001119 seconds.
Begin MonoManager ReloadAssembly
Native extension for WindowsStandalone target not found
Native extension for OSXStandalone target not found
Refreshing native plugins compatible for Editor in 0.84 ms, found 2 plugins.
Preloading 0 native plugins for Editor in 0.00 ms.
Invoked RoslynAnalysisRunner static constructor.
RoslynAnalysisRunner will not be running.
RoslynAnalysisRunner has terminated.
Mono: successfully reloaded assembly
- Completed reload, in  0.952 seconds
Platform modules already initialized, skipping
Refreshing native plugins compatible for Editor in 0.30 ms, found 2 plugins.
Preloading 0 native plugins for Editor in 0.00 ms.
Unloading 1783 Unused Serialized files (Serialized files now loaded: 0)
System memory in use before: 160.0 MB.
System memory in use after: 160.1 MB.

Unloading 7 unused Assets to reduce memory usage. Loaded Objects now: 2267.
Total: 2.290689 ms (FindLiveObjects: 0.215791 ms CreateObjectMapping: 0.079603 ms MarkObjects: 1.968985 ms  DeleteObjects: 0.025200 ms)

========================================================================
Received Prepare
Registering precompiled user dll's ...
Registered in 0.001017 seconds.
Begin MonoManager ReloadAssembly
Native extension for WindowsStandalone target not found
Native extension for OSXStandalone target not found
Refreshing native plugins compatible for Editor in 0.30 ms, found 2 plugins.
Preloading 0 native plugins for Editor in 0.00 ms.
Invoked RoslynAnalysisRunner static constructor.
RoslynAnalysisRunner will not be running.
RoslynAnalysisRunner has terminated.
Mono: successfully reloaded assembly
- Completed reload, in  0.961 seconds
Platform modules already initialized, skipping
Refreshing native plugins compatible for Editor in 0.30 ms, found 2 plugins.
Preloading 0 native plugins for Editor in 0.00 ms.
Unloading 1783 Unused Serialized files (Serialized files now loaded: 0)
System memory in use before: 160.3 MB.
System memory in use after: 160.4 MB.

Unloading 7 unused Assets to reduce memory usage. Loaded Objects now: 2270.
Total: 1.953476 ms (FindLiveObjects: 0.310114 ms CreateObjectMapping: 0.117620 ms MarkObjects: 1.503243 ms  DeleteObjects: 0.020835 ms)

========================================================================
Received Prepare
Registering precompiled user dll's ...
Registered in 0.000594 seconds.
Begin MonoManager ReloadAssembly
Native extension for WindowsStandalone target not found
Native extension for OSXStandalone target not found
Refreshing native plugins compatible for Editor in 0.41 ms, found 2 plugins.
Preloading 0 native plugins for Editor in 0.00 ms.
Invoked RoslynAnalysisRunner static constructor.
RoslynAnalysisRunner will not be running.
RoslynAnalysisRunner has terminated.
Mono: successfully reloaded assembly
- Completed reload, in  0.977 seconds
Platform modules already initialized, skipping
Refreshing native plugins compatible for Editor in 0.33 ms, found 2 plugins.
Preloading 0 native plugins for Editor in 0.00 ms.
Unloading 1783 Unused Serialized files (Serialized files now loaded: 0)
System memory in use before: 160.1 MB.
System memory in use after: 160.2 MB.

Unloading 7 unused Assets to reduce memory usage. Loaded Objects now: 2273.
Total: 3.189985 ms (FindLiveObjects: 0.178711 ms CreateObjectMapping: 0.075348 ms MarkObjects: 2.843437 ms  DeleteObjects: 0.090712 ms)

========================================================================
Received Prepare
Registering precompiled user dll's ...
Registered in 0.000768 seconds.
Begin MonoManager ReloadAssembly
Native extension for WindowsStandalone target not found
Native extension for OSXStandalone target not found
Refreshing native plugins compatible for Editor in 0.32 ms, found 2 plugins.
Preloading 0 native plugins for Editor in 0.00 ms.
Invoked RoslynAnalysisRunner static constructor.
RoslynAnalysisRunner will not be running.
RoslynAnalysisRunner has terminated.
Mono: successfully reloaded assembly
- Completed reload, in  1.283 seconds
Platform modules already initialized, skipping
Refreshing native plugins compatible for Editor in 0.30 ms, found 2 plugins.
Preloading 0 native plugins for Editor in 0.00 ms.
Unloading 1783 Unused Serialized files (Serialized files now loaded: 0)
System memory in use before: 160.6 MB.
System memory in use after: 160.7 MB.

Unloading 7 unused Assets to reduce memory usage. Loaded Objects now: 2276.
Total: 2.137746 ms (FindLiveObjects: 0.230945 ms CreateObjectMapping: 0.091977 ms MarkObjects: 1.790573 ms  DeleteObjects: 0.022400 ms)

========================================================================
Received Prepare
Registering precompiled user dll's ...
Registered in 0.000614 seconds.
Begin MonoManager ReloadAssembly
Native extension for WindowsStandalone target not found
Native extension for OSXStandalone target not found
Refreshing native plugins compatible for Editor in 0.30 ms, found 2 plugins.
Preloading 0 native plugins for Editor in 0.00 ms.
Invoked RoslynAnalysisRunner static constructor.
RoslynAnalysisRunner will not be running.
RoslynAnalysisRunner has terminated.
Mono: successfully reloaded assembly
- Completed reload, in  0.906 seconds
Platform modules already initialized, skipping
Refreshing native plugins compatible for Editor in 0.29 ms, found 2 plugins.
Preloading 0 native plugins for Editor in 0.00 ms.
Unloading 1783 Unused Serialized files (Serialized files now loaded: 0)
System memory in use before: 160.9 MB.
System memory in use after: 161.0 MB.

Unloading 7 unused Assets to reduce memory usage. Loaded Objects now: 2279.
Total: 1.647309 ms (FindLiveObjects: 0.268355 ms CreateObjectMapping: 0.036885 ms MarkObjects: 1.326934 ms  DeleteObjects: 0.014126 ms)

========================================================================
Received Prepare
Registering precompiled user dll's ...
Registered in 0.001188 seconds.
Begin MonoManager ReloadAssembly
Native extension for WindowsStandalone target not found
Native extension for OSXStandalone target not found
Refreshing native plugins compatible for Editor in 0.29 ms, found 2 plugins.
Preloading 0 native plugins for Editor in 0.00 ms.
Invoked RoslynAnalysisRunner static constructor.
RoslynAnalysisRunner will not be running.
RoslynAnalysisRunner has terminated.
Mono: successfully reloaded assembly
- Completed reload, in  0.907 seconds
Platform modules already initialized, skipping
Refreshing native plugins compatible for Editor in 0.29 ms, found 2 plugins.
Preloading 0 native plugins for Editor in 0.00 ms.
Unloading 1783 Unused Serialized files (Serialized files now loaded: 0)
System memory in use before: 160.7 MB.
System memory in use after: 160.8 MB.

Unloading 7 unused Assets to reduce memory usage. Loaded Objects now: 2282.
Total: 1.613868 ms (FindLiveObjects: 0.206006 ms CreateObjectMapping: 0.065618 ms MarkObjects: 1.327087 ms  DeleteObjects: 0.014267 ms)

========================================================================
Received Prepare
Registering precompiled user dll's ...
Registered in 0.000494 seconds.
Begin MonoManager ReloadAssembly
Native extension for WindowsStandalone target not found
Native extension for OSXStandalone target not found
Refreshing native plugins compatible for Editor in 0.30 ms, found 2 plugins.
Preloading 0 native plugins for Editor in 0.00 ms.
Invoked RoslynAnalysisRunner static constructor.
RoslynAnalysisRunner will not be running.
RoslynAnalysisRunner has terminated.
Mono: successfully reloaded assembly
- Completed reload, in  0.941 seconds
Platform modules already initialized, skipping
Refreshing native plugins compatible for Editor in 0.30 ms, found 2 plugins.
Preloading 0 native plugins for Editor in 0.00 ms.
Unloading 1783 Unused Serialized files (Serialized files now loaded: 0)
System memory in use before: 161.2 MB.
System memory in use after: 161.3 MB.

Unloading 7 unused Assets to reduce memory usage. Loaded Objects now: 2285.
Total: 1.656089 ms (FindLiveObjects: 0.210585 ms CreateObjectMapping: 0.068629 ms MarkObjects: 1.357223 ms  DeleteObjects: 0.018439 ms)

========================================================================
Received Import Request.
  Time since last request: 177.487007 seconds.
  path: Assets/Animations/BachelorCardAnimator.controller
  artifactKey: Guid(b7051395d77144e7b8a75a6700a3bb6e) Importer(815301076,1909f56bfc062723c751e8b465ee728b)
Start importing Assets/Animations/BachelorCardAnimator.controller using Guid(b7051395d77144e7b8a75a6700a3bb6e) Importer(815301076,1909f56bfc062723c751e8b465ee728b)  -> (artifact id: '738fcc2d70d75d886e133ef0623c2105') in 0.017085 seconds
  Import took 0.020702 seconds .

========================================================================
Received Import Request.
  Time since last request: 2.170098 seconds.
  path: Assets/Animations/BachelorSlideRight.anim
  artifactKey: Guid(9838060a235b14b89823c7e00a51a3c8) Importer(815301076,1909f56bfc062723c751e8b465ee728b)
Start importing Assets/Animations/BachelorSlideRight.anim using Guid(9838060a235b14b89823c7e00a51a3c8) Importer(815301076,1909f56bfc062723c751e8b465ee728b)  -> (artifact id: 'e692a1cdf5e942084ac7a43d3036f225') in 0.002670 seconds
  Import took 0.006755 seconds .

========================================================================
Received Import Request.
  Time since last request: 0.006000 seconds.
  path: Assets/Animations/BachelorSlideRight.anim
  artifactKey: Guid(9838060a235b14b89823c7e00a51a3c8) Importer(815301076,1909f56bfc062723c751e8b465ee728b)
Start importing Assets/Animations/BachelorSlideRight.anim using Guid(9838060a235b14b89823c7e00a51a3c8) Importer(815301076,1909f56bfc062723c751e8b465ee728b)  -> (artifact id: 'e692a1cdf5e942084ac7a43d3036f225') in 0.001805 seconds
  Import took 0.005135 seconds .

========================================================================
Received Prepare
Registering precompiled user dll's ...
Registered in 0.000651 seconds.
Begin MonoManager ReloadAssembly
Native extension for WindowsStandalone target not found
Native extension for OSXStandalone target not found
Refreshing native plugins compatible for Editor in 0.30 ms, found 2 plugins.
Preloading 0 native plugins for Editor in 0.00 ms.
Invoked RoslynAnalysisRunner static constructor.
RoslynAnalysisRunner will not be running.
RoslynAnalysisRunner has terminated.
Mono: successfully reloaded assembly
- Completed reload, in  0.903 seconds
Platform modules already initialized, skipping
Refreshing native plugins compatible for Editor in 0.29 ms, found 2 plugins.
Preloading 0 native plugins for Editor in 0.00 ms.
Unloading 1783 Unused Serialized files (Serialized files now loaded: 0)
System memory in use before: 161.6 MB.
System memory in use after: 161.7 MB.

Unloading 7 unused Assets to reduce memory usage. Loaded Objects now: 2288.
Total: 2.053890 ms (FindLiveObjects: 0.257732 ms CreateObjectMapping: 0.130855 ms MarkObjects: 1.645806 ms  DeleteObjects: 0.018559 ms)

========================================================================
Received Import Request.
  Time since last request: 3.076835 seconds.
  path: Assets/Animations/BachelorSlideRight.anim
  artifactKey: Guid(9838060a235b14b89823c7e00a51a3c8) Importer(815301076,1909f56bfc062723c751e8b465ee728b)
Start importing Assets/Animations/BachelorSlideRight.anim using Guid(9838060a235b14b89823c7e00a51a3c8) Importer(815301076,1909f56bfc062723c751e8b465ee728b)  -> (artifact id: '362c80959ddb104b83af71b6fe67985f') in 0.015975 seconds
  Import took 0.020680 seconds .

========================================================================
Received Prepare
Registering precompiled user dll's ...
Registered in 0.000573 seconds.
Begin MonoManager ReloadAssembly
Native extension for WindowsStandalone target not found
Native extension for OSXStandalone target not found
Refreshing native plugins compatible for Editor in 0.30 ms, found 2 plugins.
Preloading 0 native plugins for Editor in 0.00 ms.
Invoked RoslynAnalysisRunner static constructor.
RoslynAnalysisRunner will not be running.
RoslynAnalysisRunner has terminated.
Mono: successfully reloaded assembly
- Completed reload, in  0.938 seconds
Platform modules already initialized, skipping
Refreshing native plugins compatible for Editor in 0.29 ms, found 2 plugins.
Preloading 0 native plugins for Editor in 0.00 ms.
Unloading 1783 Unused Serialized files (Serialized files now loaded: 0)
System memory in use before: 161.3 MB.
System memory in use after: 161.4 MB.

Unloading 7 unused Assets to reduce memory usage. Loaded Objects now: 2291.
Total: 2.044270 ms (FindLiveObjects: 0.249920 ms CreateObjectMapping: 0.059923 ms MarkObjects: 1.707761 ms  DeleteObjects: 0.024234 ms)

========================================================================
Received Prepare
Registering precompiled user dll's ...
Registered in 0.000485 seconds.
Begin MonoManager ReloadAssembly
Native extension for WindowsStandalone target not found
Native extension for OSXStandalone target not found
Refreshing native plugins compatible for Editor in 0.29 ms, found 2 plugins.
Preloading 0 native plugins for Editor in 0.00 ms.
Invoked RoslynAnalysisRunner static constructor.
RoslynAnalysisRunner will not be running.
RoslynAnalysisRunner has terminated.
Mono: successfully reloaded assembly
- Completed reload, in  0.862 seconds
Platform modules already initialized, skipping
Refreshing native plugins compatible for Editor in 0.29 ms, found 2 plugins.
Preloading 0 native plugins for Editor in 0.00 ms.
Unloading 1783 Unused Serialized files (Serialized files now loaded: 0)
System memory in use before: 161.8 MB.
System memory in use after: 161.9 MB.

Unloading 7 unused Assets to reduce memory usage. Loaded Objects now: 2294.
Total: 1.560889 ms (FindLiveObjects: 0.189704 ms CreateObjectMapping: 0.050575 ms MarkObjects: 1.302522 ms  DeleteObjects: 0.017247 ms)

========================================================================
Received Prepare
Registering precompiled user dll's ...
Registered in 0.000556 seconds.
Begin MonoManager ReloadAssembly
Native extension for WindowsStandalone target not found
Native extension for OSXStandalone target not found
Refreshing native plugins compatible for Editor in 0.65 ms, found 2 plugins.
Preloading 0 native plugins for Editor in 0.00 ms.
Invoked RoslynAnalysisRunner static constructor.
RoslynAnalysisRunner will not be running.
RoslynAnalysisRunner has terminated.
Mono: successfully reloaded assembly
- Completed reload, in  1.192 seconds
Platform modules already initialized, skipping
Refreshing native plugins compatible for Editor in 0.31 ms, found 2 plugins.
Preloading 0 native plugins for Editor in 0.00 ms.
Unloading 1783 Unused Serialized files (Serialized files now loaded: 0)
System memory in use before: 162.2 MB.
System memory in use after: 162.3 MB.

Unloading 7 unused Assets to reduce memory usage. Loaded Objects now: 2297.
Total: 1.689273 ms (FindLiveObjects: 0.161923 ms CreateObjectMapping: 0.050790 ms MarkObjects: 1.459668 ms  DeleteObjects: 0.015867 ms)

========================================================================
Received Import Request.
  Time since last request: 870.317384 seconds.
  path: Assets/Scenes/MatchDialogueScene.unity
  artifactKey: Guid(ffdc628ead23b435db19178a608e94cc) Importer(815301076,1909f56bfc062723c751e8b465ee728b)
Start importing Assets/Scenes/MatchDialogueScene.unity using Guid(ffdc628ead23b435db19178a608e94cc) Importer(815301076,1909f56bfc062723c751e8b465ee728b)  -> (artifact id: 'bb307387bdcf8bb7b8bb244a935e25f5') in 0.016335 seconds
  Import took 0.020341 seconds .

========================================================================
Received Import Request.
  Time since last request: 0.001485 seconds.
  path: Assets/Scenes/MatchDialogueScene.unity
  artifactKey: Guid(ffdc628ead23b435db19178a608e94cc) Importer(815301076,1909f56bfc062723c751e8b465ee728b)
Start importing Assets/Scenes/MatchDialogueScene.unity using Guid(ffdc628ead23b435db19178a608e94cc) Importer(815301076,1909f56bfc062723c751e8b465ee728b)  -> (artifact id: 'bb307387bdcf8bb7b8bb244a935e25f5') in 0.002977 seconds
  Import took 0.007356 seconds .

========================================================================
Received Import Request.
  Time since last request: 4.610929 seconds.
  path: Assets/Scenes/SwipingScene.unity
  artifactKey: Guid(2cda990e2423bbf4892e6590ba056729) Importer(815301076,1909f56bfc062723c751e8b465ee728b)
Start importing Assets/Scenes/SwipingScene.unity using Guid(2cda990e2423bbf4892e6590ba056729) Importer(815301076,1909f56bfc062723c751e8b465ee728b)  -> (artifact id: '92db5537ae23c642113485f23c92a0aa') in 0.002701 seconds
  Import took 0.006725 seconds .

========================================================================
Received Prepare
Registering precompiled user dll's ...
Registered in 0.000516 seconds.
Begin MonoManager ReloadAssembly
Native extension for WindowsStandalone target not found
Native extension for OSXStandalone target not found
Refreshing native plugins compatible for Editor in 0.47 ms, found 2 plugins.
Preloading 0 native plugins for Editor in 0.00 ms.
Invoked RoslynAnalysisRunner static constructor.
RoslynAnalysisRunner will not be running.
RoslynAnalysisRunner has terminated.
Mono: successfully reloaded assembly
- Completed reload, in  0.879 seconds
Platform modules already initialized, skipping
Refreshing native plugins compatible for Editor in 0.31 ms, found 2 plugins.
Preloading 0 native plugins for Editor in 0.00 ms.
Unloading 1783 Unused Serialized files (Serialized files now loaded: 0)
System memory in use before: 161.9 MB.
System memory in use after: 162.0 MB.

Unloading 7 unused Assets to reduce memory usage. Loaded Objects now: 2300.
Total: 2.867644 ms (FindLiveObjects: 0.368689 ms CreateObjectMapping: 0.158182 ms MarkObjects: 2.322946 ms  DeleteObjects: 0.016631 ms)

========================================================================
Received Prepare
Registering precompiled user dll's ...
Registered in 0.002567 seconds.
Begin MonoManager ReloadAssembly
Native extension for WindowsStandalone target not found
Native extension for OSXStandalone target not found
Refreshing native plugins compatible for Editor in 60.13 ms, found 2 plugins.
Preloading 0 native plugins for Editor in 0.00 ms.
Invoked RoslynAnalysisRunner static constructor.
RoslynAnalysisRunner will not be running.
RoslynAnalysisRunner has terminated.
Mono: successfully reloaded assembly
- Completed reload, in  1.927 seconds
Platform modules already initialized, skipping
Refreshing native plugins compatible for Editor in 0.36 ms, found 2 plugins.
Preloading 0 native plugins for Editor in 0.00 ms.
Unloading 1810 Unused Serialized files (Serialized files now loaded: 0)
System memory in use before: 167.9 MB.
System memory in use after: 168.0 MB.

Unloading 17 unused Assets to reduce memory usage. Loaded Objects now: 2320.
Total: 1.944456 ms (FindLiveObjects: 0.218499 ms CreateObjectMapping: 0.053332 ms MarkObjects: 1.648295 ms  DeleteObjects: 0.023155 ms)

========================================================================
Received Import Request.
  Time since last request: 193.591252 seconds.
  path: Packages/dev.yarnspinner.unity/package.json
  artifactKey: Guid(e6335304c5696c743aedd0a77a6533ad) Importer(815301076,1909f56bfc062723c751e8b465ee728b)
Start importing Packages/dev.yarnspinner.unity/package.json using Guid(e6335304c5696c743aedd0a77a6533ad) Importer(815301076,1909f56bfc062723c751e8b465ee728b)  -> (artifact id: 'b709e68f184c7bb0d81cce32112284b8') in 1.603769 seconds
  Import took 1.609100 seconds .

========================================================================
Received Import Request.
  Time since last request: 0.163862 seconds.
  path: Packages/dev.yarnspinner.unity/Editor
  artifactKey: Guid(c3b025f9df1834d5e91c6873ece463b1) Importer(815301076,1909f56bfc062723c751e8b465ee728b)
Start importing Packages/dev.yarnspinner.unity/Editor using Guid(c3b025f9df1834d5e91c6873ece463b1) Importer(815301076,1909f56bfc062723c751e8b465ee728b)  -> (artifact id: '9ab0f46844c98d6b1c6f82f5df3a7233') in 0.002012 seconds
  Import took 0.006859 seconds .

========================================================================
Received Import Request.
  Time since last request: 0.157651 seconds.
  path: Packages/dev.yarnspinner.unity/Editor/YarnSpinner.Unity.Editor.asmdef
  artifactKey: Guid(3a299c53e4c683b4eb4a04c9ad9e648f) Importer(815301076,1909f56bfc062723c751e8b465ee728b)
Start importing Packages/dev.yarnspinner.unity/Editor/YarnSpinner.Unity.Editor.asmdef using Guid(3a299c53e4c683b4eb4a04c9ad9e648f) Importer(815301076,1909f56bfc062723c751e8b465ee728b)  -> (artifact id: '215dc04df629387edda679d5d3743b75') in 0.160342 seconds
  Import took 0.163374 seconds .

========================================================================
Received Import Request.
  Time since last request: 4.242661 seconds.
  path: Packages/dev.yarnspinner.unity/Editor/YarnProgramEditor.cs
  artifactKey: Guid(76b0f75fe69847346ad55b49ea4197ea) Importer(815301076,1909f56bfc062723c751e8b465ee728b)
Start importing Packages/dev.yarnspinner.unity/Editor/YarnProgramEditor.cs using Guid(76b0f75fe69847346ad55b49ea4197ea) Importer(815301076,1909f56bfc062723c751e8b465ee728b)  -> (artifact id: 'b2ba3356b6d2f73c8c060f7cb0a37cf0') in 0.004291 seconds
  Import took 0.007931 seconds .

========================================================================
Received Import Request.
  Time since last request: 0.000471 seconds.
  path: Packages/dev.yarnspinner.unity/Editor/YarnProgramEditor.cs
  artifactKey: Guid(76b0f75fe69847346ad55b49ea4197ea) Importer(815301076,1909f56bfc062723c751e8b465ee728b)
Start importing Packages/dev.yarnspinner.unity/Editor/YarnProgramEditor.cs using Guid(76b0f75fe69847346ad55b49ea4197ea) Importer(815301076,1909f56bfc062723c751e8b465ee728b)  -> (artifact id: 'b2ba3356b6d2f73c8c060f7cb0a37cf0') in 0.004829 seconds
  Import took 0.008149 seconds .

========================================================================
Received Import Request.
  Time since last request: 470.980775 seconds.
  path: Assets
  artifactKey: Guid(00000000000000001000000000000000) Importer(815301076,1909f56bfc062723c751e8b465ee728b)
Start importing Assets using Guid(00000000000000001000000000000000) Importer(815301076,1909f56bfc062723c751e8b465ee728b)  -> (artifact id: 'e1a2c4dac9df7c17871e19a3b74f0e9f') in 0.001188 seconds
  Import took 0.005028 seconds .

========================================================================
Received Prepare
Registering precompiled user dll's ...
Registered in 0.000881 seconds.
Begin MonoManager ReloadAssembly
Native extension for WindowsStandalone target not found
Native extension for OSXStandalone target not found
Refreshing native plugins compatible for Editor in 33.29 ms, found 2 plugins.
Preloading 0 native plugins for Editor in 0.00 ms.
Invoked RoslynAnalysisRunner static constructor.
RoslynAnalysisRunner will not be running.
RoslynAnalysisRunner has terminated.
Mono: successfully reloaded assembly
- Completed reload, in  0.962 seconds
Platform modules already initialized, skipping
Refreshing native plugins compatible for Editor in 0.38 ms, found 2 plugins.
Preloading 0 native plugins for Editor in 0.00 ms.
Unloading 1783 Unused Serialized files (Serialized files now loaded: 0)
System memory in use before: 171.6 MB.
System memory in use after: 171.7 MB.

Unloading 16 unused Assets to reduce memory usage. Loaded Objects now: 2314.
Total: 1.736089 ms (FindLiveObjects: 0.236022 ms CreateObjectMapping: 0.054396 ms MarkObjects: 1.424683 ms  DeleteObjects: 0.019846 ms)

========================================================================
Received Import Request.
  Time since last request: 968.004928 seconds.
  path: Assets/Prefabs/Bachelor Card.prefab
  artifactKey: Guid(f9600e658b0f04425af11037a7bf958e) Importer(815301076,1909f56bfc062723c751e8b465ee728b)
Start importing Assets/Prefabs/Bachelor Card.prefab using Guid(f9600e658b0f04425af11037a7bf958e) Importer(815301076,1909f56bfc062723c751e8b465ee728b)  -> (artifact id: 'b753b26c7b8b79ba4763ffb5c3b8cbc5') in 0.275732 seconds
  Import took 0.280126 seconds .

========================================================================
Received Import Request.
  Time since last request: 4.220333 seconds.
  path: Assets/Prefabs/Message.prefab
  artifactKey: Guid(4a9aca5bad4ba4a94ad6ae386d33f2db) Importer(815301076,1909f56bfc062723c751e8b465ee728b)
Start importing Assets/Prefabs/Message.prefab using Guid(4a9aca5bad4ba4a94ad6ae386d33f2db) Importer(815301076,1909f56bfc062723c751e8b465ee728b)  -> (artifact id: 'f0c96264b06e4b0409de467e66060738') in 0.019006 seconds
  Import took 0.023328 seconds .

========================================================================
Received Import Request.
  Time since last request: 0.004303 seconds.
  path: Assets/Prefabs/Message.prefab
  artifactKey: Guid(4a9aca5bad4ba4a94ad6ae386d33f2db) Importer(815301076,1909f56bfc062723c751e8b465ee728b)
Start importing Assets/Prefabs/Message.prefab using Guid(4a9aca5bad4ba4a94ad6ae386d33f2db) Importer(815301076,1909f56bfc062723c751e8b465ee728b)  -> (artifact id: 'f0c96264b06e4b0409de467e66060738') in 0.018662 seconds
  Import took 0.023156 seconds .

========================================================================
Received Import Request.
  Time since last request: 172.060858 seconds.
  path: Assets/Prefabs/Message.prefab
  artifactKey: Guid(4a9aca5bad4ba4a94ad6ae386d33f2db) Importer(815301076,1909f56bfc062723c751e8b465ee728b)
Start importing Assets/Prefabs/Message.prefab using Guid(4a9aca5bad4ba4a94ad6ae386d33f2db) Importer(815301076,1909f56bfc062723c751e8b465ee728b)  -> (artifact id: '76a539c7d48baba829643136aba7adfb') in 0.034436 seconds
  Import took 0.039097 seconds .

========================================================================
Received Prepare
Registering precompiled user dll's ...
Registered in 0.001199 seconds.
Begin MonoManager ReloadAssembly
Native extension for WindowsStandalone target not found
Native extension for OSXStandalone target not found
Refreshing native plugins compatible for Editor in 0.32 ms, found 2 plugins.
Preloading 0 native plugins for Editor in 0.00 ms.
Invoked RoslynAnalysisRunner static constructor.
RoslynAnalysisRunner will not be running.
RoslynAnalysisRunner has terminated.
Mono: successfully reloaded assembly
- Completed reload, in  1.085 seconds
Platform modules already initialized, skipping
Refreshing native plugins compatible for Editor in 0.30 ms, found 2 plugins.
Preloading 0 native plugins for Editor in 0.00 ms.
Unloading 1784 Unused Serialized files (Serialized files now loaded: 0)
System memory in use before: 175.8 MB.
System memory in use after: 175.9 MB.

Unloading 8 unused Assets to reduce memory usage. Loaded Objects now: 2318.
Total: 2.040056 ms (FindLiveObjects: 0.313177 ms CreateObjectMapping: 0.076273 ms MarkObjects: 1.623712 ms  DeleteObjects: 0.025124 ms)

========================================================================
Received Prepare
Registering precompiled user dll's ...
Registered in 0.000546 seconds.
Begin MonoManager ReloadAssembly
Native extension for WindowsStandalone target not found
Native extension for OSXStandalone target not found
Refreshing native plugins compatible for Editor in 0.30 ms, found 2 plugins.
Preloading 0 native plugins for Editor in 0.00 ms.
Invoked RoslynAnalysisRunner static constructor.
RoslynAnalysisRunner will not be running.
RoslynAnalysisRunner has terminated.
Mono: successfully reloaded assembly
- Completed reload, in  0.936 seconds
Platform modules already initialized, skipping
Refreshing native plugins compatible for Editor in 0.35 ms, found 2 plugins.
Preloading 0 native plugins for Editor in 0.00 ms.
Unloading 1784 Unused Serialized files (Serialized files now loaded: 0)
System memory in use before: 176.4 MB.
System memory in use after: 176.4 MB.

Unloading 7 unused Assets to reduce memory usage. Loaded Objects now: 2321.
Total: 1.642822 ms (FindLiveObjects: 0.263663 ms CreateObjectMapping: 0.056270 ms MarkObjects: 1.307216 ms  DeleteObjects: 0.014752 ms)

========================================================================
Received Import Request.
  Time since last request: 1718.136471 seconds.
  path: Assets/Scripts/Message.cs
  artifactKey: Guid(4466fc7ebeb654defb22ac0447d91ac7) Importer(815301076,1909f56bfc062723c751e8b465ee728b)
Start importing Assets/Scripts/Message.cs using Guid(4466fc7ebeb654defb22ac0447d91ac7) Importer(815301076,1909f56bfc062723c751e8b465ee728b)  -> (artifact id: 'a236774b02988a3f4916ea4f49e9b4d1') in 0.003940 seconds
  Import took 0.007667 seconds .

========================================================================
Received Prepare
Registering precompiled user dll's ...
Registered in 0.000622 seconds.
Begin MonoManager ReloadAssembly
Native extension for WindowsStandalone target not found
Native extension for OSXStandalone target not found
Refreshing native plugins compatible for Editor in 0.29 ms, found 2 plugins.
Preloading 0 native plugins for Editor in 0.00 ms.
Invoked RoslynAnalysisRunner static constructor.
RoslynAnalysisRunner will not be running.
RoslynAnalysisRunner has terminated.
Mono: successfully reloaded assembly
- Completed reload, in  0.941 seconds
Platform modules already initialized, skipping
Refreshing native plugins compatible for Editor in 0.30 ms, found 2 plugins.
Preloading 0 native plugins for Editor in 0.00 ms.
Unloading 1784 Unused Serialized files (Serialized files now loaded: 0)
System memory in use before: 176.9 MB.
System memory in use after: 177.0 MB.

Unloading 7 unused Assets to reduce memory usage. Loaded Objects now: 2324.
Total: 2.058574 ms (FindLiveObjects: 0.245917 ms CreateObjectMapping: 0.081390 ms MarkObjects: 1.706274 ms  DeleteObjects: 0.023020 ms)

========================================================================
Received Import Request.
  Time since last request: 826.326675 seconds.
  path: Assets/Prefabs/Message.prefab
  artifactKey: Guid(4a9aca5bad4ba4a94ad6ae386d33f2db) Importer(815301076,1909f56bfc062723c751e8b465ee728b)
Start importing Assets/Prefabs/Message.prefab using Guid(4a9aca5bad4ba4a94ad6ae386d33f2db) Importer(815301076,1909f56bfc062723c751e8b465ee728b)  -> (artifact id: '70a8db532a496c1b2dfd03d18480df52') in 0.084975 seconds
  Import took 0.090516 seconds .

========================================================================
Received Import Request.
  Time since last request: 10103.692594 seconds.
  path: Assets/Prefabs/Message.prefab
  artifactKey: Guid(4a9aca5bad4ba4a94ad6ae386d33f2db) Importer(815301076,1909f56bfc062723c751e8b465ee728b)
Start importing Assets/Prefabs/Message.prefab using Guid(4a9aca5bad4ba4a94ad6ae386d33f2db) Importer(815301076,1909f56bfc062723c751e8b465ee728b)  -> (artifact id: 'db30d2cb7799932406b78cb342ee8b2d') in 0.030117 seconds
  Import took 0.034164 seconds .

========================================================================
Received Import Request.
  Time since last request: 0.008314 seconds.
  path: Assets/Prefabs/Message.prefab
  artifactKey: Guid(4a9aca5bad4ba4a94ad6ae386d33f2db) Importer(815301076,1909f56bfc062723c751e8b465ee728b)
Start importing Assets/Prefabs/Message.prefab using Guid(4a9aca5bad4ba4a94ad6ae386d33f2db) Importer(815301076,1909f56bfc062723c751e8b465ee728b)  -> (artifact id: 'db30d2cb7799932406b78cb342ee8b2d') in 0.018537 seconds
  Import took 0.022422 seconds .

========================================================================
Received Import Request.
  Time since last request: 5.251432 seconds.
  path: Assets/Prefabs/Message.prefab
  artifactKey: Guid(4a9aca5bad4ba4a94ad6ae386d33f2db) Importer(815301076,1909f56bfc062723c751e8b465ee728b)
Start importing Assets/Prefabs/Message.prefab using Guid(4a9aca5bad4ba4a94ad6ae386d33f2db) Importer(815301076,1909f56bfc062723c751e8b465ee728b)  -> (artifact id: '345d9f91629d16095ca495e2deb22db5') in 0.018449 seconds
  Import took 0.022468 seconds .

